<?xml version="1.0" encoding="UTF-8"?>
<testng-results ignored="0" total="1" passed="1" failed="0" skipped="0">
  <reporter-output>
    <line>
      <![CDATA[Test case Ppassed]]>
    </line>
  </reporter-output>
  <suite started-at="2024-07-07T22:09:00 IST" name="Default suite" finished-at="2024-07-07T22:09:35 IST" duration-ms="34922">
    <groups>
    </groups>
    <test started-at="2024-07-07T22:09:00 IST" name="Default test" finished-at="2024-07-07T22:09:35 IST" duration-ms="34922">
      <class name="package1.SeleniumProject.TestCase5">
        <test-method signature="login_to_amazon()[pri:0, instance:package1.SeleniumProject.TestCase5@3ee37e5a]" started-at="2024-07-07T22:09:00 IST" name="login_to_amazon" finished-at="2024-07-07T22:09:34 IST" duration-ms="33148" status="PASS">
          <reporter-output>
            <line>
              <![CDATA[Test case Ppassed]]>
            </line>
          </reporter-output>
        </test-method> <!-- login_to_amazon -->
      </class> <!-- package1.SeleniumProject.TestCase5 -->
    </test> <!-- Default test -->
  </suite> <!-- Default suite -->
</testng-results>
